<?xml version="1.0" encoding="UTF-8"?>
<!-- Generated by org.testng.reporters.JUnitXMLReporter -->
<testsuite ignored="3" hostname="DESKTOP-414SEUC" failures="2" tests="4" name="Test" time="87.966" errors="0" timestamp="2024-11-04T11:39:23 IST">
  <testcase classname="miniproject.TestScript" name="book" time="1.829"/>
  <testcase classname="miniproject.Electronics" name="electronics" time="1.196">
    <failure type="java.lang.AssertionError" message="Electronics page not displayed expected [Demo Web Shop. Tricentis] but found [Demo Web Shop. Electronics]">
      <![CDATA[java.lang.AssertionError: Electronics page not displayed expected [Demo Web Shop. Tricentis] but found [Demo Web Shop. Electronics]
at miniproject.Electronics.electronics(Electronics.java:17)
at java.base/java.util.ArrayList.forEach(ArrayList.java:1597)
... Removed 30 stack frames]]>
    </failure>
  </testcase> <!-- electronics -->
  <testcase classname="miniproject.Computer" name="computers" time="1.145"/>
  <testcase classname="miniproject.GiftCards" name="electronics" time="1.228">
    <failure type="java.lang.AssertionError" message="Electronics page not displayed expected [Demo Web Shop. Tricentis] but found [Demo Web Shop. Gift Cards]">
      <![CDATA[java.lang.AssertionError: Electronics page not displayed expected [Demo Web Shop. Tricentis] but found [Demo Web Shop. Gift Cards]
at miniproject.GiftCards.electronics(GiftCards.java:13)
at java.base/java.util.ArrayList.forEach(ArrayList.java:1597)
... Removed 30 stack frames]]>
    </failure>
  </testcase> <!-- electronics -->
  <testcase classname="miniproject.BaseClass" name="@BeforeTest data" time="0.0">
    <ignored/>
  </testcase> <!-- @BeforeTest data -->
  <testcase classname="miniproject.BaseClass" name="@BeforeTest data" time="0.0">
    <ignored/>
  </testcase> <!-- @BeforeTest data -->
  <testcase classname="miniproject.BaseClass" name="@BeforeTest data" time="0.0">
    <ignored/>
  </testcase> <!-- @BeforeTest data -->
</testsuite> <!-- Test -->
